<?xml version="1.0" encoding="UTF-8"?>
<testng-results ignored="0" total="2" passed="2" failed="0" skipped="0">
  <reporter-output>
  </reporter-output>
  <suite started-at="2026-03-10T15:27:12 IST" name="Surefire suite" finished-at="2026-03-10T15:27:12 IST" duration-ms="32">
    <groups>
    </groups>
    <test started-at="2026-03-10T15:27:12 IST" name="Surefire test" finished-at="2026-03-10T15:27:12 IST" duration-ms="32">
      <class name="pgrm.resultTest">
        <test-method signature="testeven()[pri:0, instance:pgrm.resultTest@691a7f8f]" started-at="2026-03-10T15:27:12 IST" name="testeven" finished-at="2026-03-10T15:27:12 IST" duration-ms="6" status="PASS">
          <reporter-output>
          </reporter-output>
        </test-method> <!-- testeven -->
        <test-method signature="testodd()[pri:0, instance:pgrm.resultTest@691a7f8f]" started-at="2026-03-10T15:27:12 IST" name="testodd" finished-at="2026-03-10T15:27:12 IST" duration-ms="1" status="PASS">
          <reporter-output>
          </reporter-output>
        </test-method> <!-- testodd -->
      </class> <!-- pgrm.resultTest -->
    </test> <!-- Surefire test -->
  </suite> <!-- Surefire suite -->
</testng-results>
